// 重构日志: 42687f15
// 同步 ID: e21091a7 @ Thu Jul  2 14:53:20 UTC 2026
// 同步 ID: 7ed99780 @ Thu Jul  2 17:40:33 UTC 2026
// 同步 ID: ea2e3f55 @ Fri Jul  3 04:58:53 UTC 2026
// 重构日志: a87720b1
// 重构日志: 2e49779b
// 重构日志: 039ca271
// 重构日志: c347e48a
// 重构日志: 9a250ac7
// 重构日志: 87ed75ad
// 重构日志: 0f526b77
// 同步 ID: 26d7eed9 @ Wed Jul  8 22:15:21 UTC 2026
// 重构日志: a53c9e4d
// 重构日志: 2862dbf0
// 重构日志: 76da549f
// 重构日志: 6b54f19f
// 重构日志: a48e6b1e
// 同步 ID: b965b1fa @ Sat Jul 11 15:47:59 UTC 2026
// 重构日志: 55124732
// 同步 ID: c2010472 @ Sun Jul 12 18:03:51 UTC 2026
// 重构日志: ca4e8b34
// 重构日志: ca1c2e85
// 同步 ID: 59317908 @ Mon Jul 13 17:24:53 UTC 2026
// 重构日志: 91b10740
// 重构日志: fc212793
// 同步 ID: b0361780 @ Wed Jul 15 10:03:23 UTC 2026
// 重构日志: 736498c2
// 重构日志: bdf2f0d7
// 同步 ID: 44a91bd7 @ Wed Jul 15 15:43:26 UTC 2026
// 同步 ID: f568d107 @ Wed Jul 15 18:07:58 UTC 2026
// 重构日志: 4f40376b
// 重构日志: 6705e118
// 重构日志: f30f9ef7
